[2024-01-25 12:31:54,609] multiqc                                            [DEBUG  ]  This is MultiQC v1.14
[2024-01-25 12:31:54,613] multiqc                                            [DEBUG  ]  Loading config settings from: multiqc_config.yml
[2024-01-25 12:31:54,613] multiqc                                            [DEBUG  ]  New config: {'report_comment': 'This report has been generated by the <a href="https://github.com/nf-core/getstructures/1.0dev" target="_blank">nf-core/getstructures</a> analysis pipeline. For information about how to interpret these results, please see the <a href="https://nf-co.re/getstructures/1.0dev/output" target="_blank">documentation</a>.\n', 'report_section_order': {'nf-core-getstructures-methods-description': {'order': -1000}, 'software_versions': {'order': -1001}, 'nf-core-getstructures-summary': {'order': -1002}}, 'export_plots': True}
[2024-01-25 12:31:54,617] multiqc                                            [DEBUG  ]  Loading config settings from: multiqc_config.yml
[2024-01-25 12:31:54,617] multiqc                                            [DEBUG  ]  New config: {'report_comment': 'This report has been generated by the <a href="https://github.com/nf-core/getstructures/1.0dev" target="_blank">nf-core/getstructures</a> analysis pipeline. For information about how to interpret these results, please see the <a href="https://nf-co.re/getstructures/1.0dev/output" target="_blank">documentation</a>.\n', 'report_section_order': {'nf-core-getstructures-methods-description': {'order': -1000}, 'software_versions': {'order': -1001}, 'nf-core-getstructures-summary': {'order': -1002}}, 'export_plots': True}
[2024-01-25 12:31:54,618] multiqc                                            [DEBUG  ]  Command used: /usr/local/bin/multiqc --force --config multiqc_config.yml .
[2024-01-25 12:31:55,296] multiqc                                            [WARNING]  MultiQC Version v1.19 now available!
[2024-01-25 12:31:55,296] multiqc                                            [DEBUG  ]  Working dir : /nfs/users/cn/itrujnara/get_structures/work/1f/2ad78179c5677c1e787ccce5a8f047
[2024-01-25 12:31:55,296] multiqc                                            [DEBUG  ]  Template    : default
[2024-01-25 12:31:55,296] multiqc                                            [DEBUG  ]  Running Python 3.11.0 | packaged by conda-forge | (main, Oct 25 2022, 06:24:40) [GCC 10.4.0]
[2024-01-25 12:31:55,297] multiqc                                            [DEBUG  ]  Analysing modules: custom_content, ccs, ngsderive, purple, conpair, lima, peddy, somalier, methylQA, mosdepth, phantompeakqualtools, qualimap, preseq, hifiasm, quast, qorts, rna_seqc, rockhopper, rsem, rseqc, busco, bustools, goleft_indexcov, gffcompare, disambiguate, supernova, deeptools, sargasso, verifybamid, mirtrace, happy, mirtop, sambamba, gopeaks, homer, hops, macs2, theta2, snpeff, gatk, htseq, bcftools, featureCounts, fgbio, dragen, dragen_fastqc, dedup, pbmarkdup, damageprofiler, biobambam2, jcvi, mtnucratio, picard, vep, sentieon, prokka, qc3C, nanostat, samblaster, samtools, sexdeterrmine, eigenstratdatabasetools, bamtools, jellyfish, vcftools, longranger, stacks, varscan2, snippy, umitools, bbmap, bismark, biscuit, diamond, hicexplorer, hicup, hicpro, salmon, kallisto, slamdunk, star, hisat2, tophat, bowtie2, bowtie1, cellranger, snpsplit, odgi, pangolin, nextclade, humid, kat, leehom, adapterRemoval, bbduk, clipandmerge, cutadapt, flexbar, kaiju, kraken, malt, motus, trimmomatic, sickle, skewer, sortmerna, biobloomtools, fastq_screen, afterqc, fastp, fastqc, filtlong, prinseqplusplus, pychopper, porechop, pycoqc, minionqc, anglerfish, multivcfanalyzer, clusterflow, checkqc, bcl2fastq, bclconvert, interop, ivar, flash, seqyclean, optitype, whatshap
[2024-01-25 12:31:55,297] multiqc                                            [DEBUG  ]  Using temporary directory for creating report: /scratch/93917642.1.cn-el7/tmpagsudho1
[2024-01-25 12:31:55,589] multiqc                                            [INFO   ]  Search path : /nfs/users/cn/itrujnara/get_structures/work/1f/2ad78179c5677c1e787ccce5a8f047
[2024-01-25 12:31:58,011] multiqc                                            [DEBUG  ]  Summary of files that were skipped by the search: [skipped_no_match: 8] // [skipped_module_specific_max_filesize: 5]
[2024-01-25 12:31:58,883] multiqc.plots.bargraph                             [DEBUG  ]  Using matplotlib version 3.6.2
[2024-01-25 12:31:58,885] multiqc.plots.linegraph                            [DEBUG  ]  Using matplotlib version 3.6.2
[2024-01-25 12:31:58,901] multiqc.modules.custom_content.custom_content      [INFO   ]  nf-core-getstructures-methods-description: Found 1 sample (html)
[2024-01-25 12:31:58,901] multiqc.modules.custom_content.custom_content      [INFO   ]  software_versions: Found 1 sample (html)
[2024-01-25 12:31:58,901] multiqc.modules.custom_content.custom_content      [INFO   ]  nf-core-getstructures-summary: Found 1 sample (html)
[2024-01-25 12:31:58,902] multiqc                                            [DEBUG  ]  Reordering sections: anchor 'nf-core-getstructures-methods-description' not found for module 'nf-core/getstructures Methods Description'.
[2024-01-25 12:31:58,902] multiqc                                            [DEBUG  ]  Reordering sections: anchor 'software_versions' not found for module 'nf-core/getstructures Methods Description'.
[2024-01-25 12:31:58,902] multiqc                                            [DEBUG  ]  Reordering sections: anchor 'nf-core-getstructures-summary' not found for module 'nf-core/getstructures Methods Description'.
[2024-01-25 12:31:58,902] multiqc                                            [DEBUG  ]  Reordering sections: anchor 'nf-core-getstructures-methods-description' not found for module 'nf-core/getstructures Software Versions'.
[2024-01-25 12:31:58,902] multiqc                                            [DEBUG  ]  Reordering sections: anchor 'software_versions' not found for module 'nf-core/getstructures Software Versions'.
[2024-01-25 12:31:58,902] multiqc                                            [DEBUG  ]  Reordering sections: anchor 'nf-core-getstructures-summary' not found for module 'nf-core/getstructures Software Versions'.
[2024-01-25 12:31:58,902] multiqc                                            [DEBUG  ]  Reordering sections: anchor 'nf-core-getstructures-methods-description' not found for module 'nf-core/getstructures Workflow Summary'.
[2024-01-25 12:31:58,902] multiqc                                            [DEBUG  ]  Reordering sections: anchor 'software_versions' not found for module 'nf-core/getstructures Workflow Summary'.
[2024-01-25 12:31:58,902] multiqc                                            [DEBUG  ]  Reordering sections: anchor 'nf-core-getstructures-summary' not found for module 'nf-core/getstructures Workflow Summary'.
[2024-01-25 12:31:58,903] multiqc                                            [INFO   ]  Compressing plot data
[2024-01-25 12:31:58,904] multiqc                                            [INFO   ]  Report      : multiqc_report.html
[2024-01-25 12:31:58,904] multiqc                                            [INFO   ]  Data        : multiqc_data
[2024-01-25 12:31:58,904] multiqc                                            [DEBUG  ]  Moving data file from '/scratch/93917642.1.cn-el7/tmpagsudho1/multiqc_data' to '/nfs/users/cn/itrujnara/get_structures/work/1f/2ad78179c5677c1e787ccce5a8f047/multiqc_data'
[2024-01-25 12:31:58,926] multiqc                                            [INFO   ]  Plots       : multiqc_plots
[2024-01-25 12:31:58,926] multiqc                                            [DEBUG  ]  Moving plots directory from '/scratch/93917642.1.cn-el7/tmpagsudho1/multiqc_plots' to '/nfs/users/cn/itrujnara/get_structures/work/1f/2ad78179c5677c1e787ccce5a8f047/multiqc_plots'
[2024-01-25 12:31:59,045] multiqc                                            [INFO   ]  MultiQC complete
