Nov-03 11:05:22.670 [main] DEBUG nextflow.cli.Launcher - $> nextflow run nf-core/proteinfold -r dev -profile test,docker --outdir test_out
Nov-03 11:05:22.716 [main] INFO  nextflow.cli.CmdRun - N E X T F L O W  ~  version 21.10.6
Nov-03 11:05:23.347 [main] DEBUG nextflow.scm.AssetManager - Git config: /home/igor/.nextflow/assets/nf-core/proteinfold/.git/config; branch: master; remote: origin; url: https://github.com/nf-core/proteinfold.git
Nov-03 11:05:23.359 [main] DEBUG nextflow.scm.AssetManager - Git config: /home/igor/.nextflow/assets/nf-core/proteinfold/.git/config; branch: master; remote: origin; url: https://github.com/nf-core/proteinfold.git
Nov-03 11:05:23.625 [main] INFO  nextflow.cli.CmdRun - Launching `nf-core/proteinfold` [shrivelled_majorana] - revision: def0fcaa36 [dev]
Nov-03 11:05:26.695 [main] DEBUG nextflow.config.ConfigBuilder - Found config base: /home/igor/.nextflow/assets/nf-core/proteinfold/nextflow.config
Nov-03 11:05:26.695 [main] DEBUG nextflow.config.ConfigBuilder - Parsing config file: /home/igor/.nextflow/assets/nf-core/proteinfold/nextflow.config
Nov-03 11:05:26.699 [main] DEBUG nextflow.config.ConfigBuilder - Applying config profile: `test,docker`
Nov-03 11:05:26.842 [main] DEBUG nextflow.plugin.PluginsFacade - Using Default plugins manager
Nov-03 11:05:26.848 [main] INFO  org.pf4j.DefaultPluginStatusProvider - Enabled plugins: []
Nov-03 11:05:26.849 [main] INFO  org.pf4j.DefaultPluginStatusProvider - Disabled plugins: []
Nov-03 11:05:26.851 [main] INFO  org.pf4j.DefaultPluginManager - PF4J version 3.4.1 in 'deployment' mode
Nov-03 11:05:26.854 [main] DEBUG nextflow.plugin.PluginsFacade - Using Default plugins manager
Nov-03 11:05:27.444 [main] DEBUG nextflow.config.ConfigBuilder - Available config profiles: [cfc_dev, ifb_core, denbi_qbic, genotoul, alice, mjolnir_globe, uppmax, abims, nihbiowulf, nu_genomics, oist, sahmri, mpcdf, test_colabfold_local, leicester, lugh, vsc_ugent, sage, cambridge, unibe_ibu, vai, podman, czbiohub_aws, jax, cheaha, ccga_med, test, tigem, google, test_af2, computerome, seg_globe, sanger, pasteur, test_full, eddie, medair, azurebatch, bi, hki, test_colabfold_webserver, bigpurple, sbc_sharc, adcra, crukmi, cedars, docker, gis, eva, ucl_myriad, utd_ganymede, charliecloud, fgcz, conda, crg, singularity, icr_davros, ceres, munin, rosalind, prince, hasta, hebbe, cfc, utd_sysbio, uzh, debug, genouest, cbe, ebc, ku_sund_dangpu, ccga_dx, crick, marvin, phoenix, gitpod, biohpc_gen, shifter, mana, mamba, awsbatch, uct_hpc, imperial, maestro, aws_tower, binac]
Nov-03 11:05:27.479 [main] DEBUG nextflow.plugin.PluginsFacade - Setting up plugin manager > mode=prod; plugins-dir=/home/igor/.nextflow/plugins
Nov-03 11:05:27.480 [main] DEBUG nextflow.plugin.PluginsFacade - Plugins default=[]
Nov-03 11:05:27.483 [main] INFO  org.pf4j.DefaultPluginStatusProvider - Enabled plugins: []
Nov-03 11:05:27.484 [main] INFO  org.pf4j.DefaultPluginStatusProvider - Disabled plugins: []
Nov-03 11:05:27.485 [main] INFO  org.pf4j.DefaultPluginManager - PF4J version 3.4.1 in 'deployment' mode
Nov-03 11:05:27.492 [main] INFO  org.pf4j.AbstractPluginManager - No plugins
Nov-03 11:05:27.534 [main] DEBUG nextflow.Session - Session uuid: 0ef8c745-87bd-442f-8fdf-796652bcdd80
Nov-03 11:05:27.535 [main] DEBUG nextflow.Session - Run name: shrivelled_majorana
Nov-03 11:05:27.535 [main] DEBUG nextflow.Session - Executor pool size: 8
Nov-03 11:05:27.564 [main] DEBUG nextflow.cli.CmdRun - 
  Version: 21.10.6 build 5660
  Created: 21-12-2021 16:55 UTC (17:55 CEST)
  System: Linux 5.15.0-52-generic
  Runtime: Groovy 3.0.9 on OpenJDK 64-Bit Server VM 11.0.13+7-b1751.21
  Encoding: UTF-8 (UTF-8)
  Process: 54296@triggor-computer [127.0.1.1]
  CPUs: 8 - Mem: 31.1 GB (25 GB) - Swap: 2 GB (2 GB)
Nov-03 11:05:27.580 [main] DEBUG nextflow.Session - Work-dir: /home/igor/CRG/BicD2/work [ext2/ext3]
Nov-03 11:05:27.593 [main] DEBUG nextflow.executor.ExecutorFactory - Extension executors providers=[]
Nov-03 11:05:27.603 [main] DEBUG nextflow.Session - Observer factory: DefaultObserverFactory
Nov-03 11:05:27.690 [main] DEBUG nextflow.util.CustomThreadPool - Creating default thread pool > poolSize: 9; maxThreads: 1000
Nov-03 11:05:27.749 [main] DEBUG nextflow.Session - Session start invoked
Nov-03 11:05:27.752 [main] DEBUG nextflow.trace.TraceFileObserver - Flow starting -- trace file: /home/igor/CRG/BicD2/test_out/pipeline_info/execution_trace_2022-11-03_11-05-27.txt
Nov-03 11:05:27.759 [main] DEBUG nextflow.Session - Using default localLib path: /home/igor/.nextflow/assets/nf-core/proteinfold/lib
Nov-03 11:05:27.762 [main] DEBUG nextflow.Session - Adding to the classpath library: /home/igor/.nextflow/assets/nf-core/proteinfold/lib
Nov-03 11:05:27.762 [main] DEBUG nextflow.Session - Adding to the classpath library: /home/igor/.nextflow/assets/nf-core/proteinfold/lib/nfcore_external_java_deps.jar
Nov-03 11:05:28.355 [main] DEBUG nextflow.script.ScriptRunner - > Launching execution
Nov-03 11:05:28.459 [main] INFO  nextflow.Nextflow - 

-[2m----------------------------------------------------[0m-
                                        [0;32m,--.[0;30m/[0;32m,-.[0m
[0;34m        ___     __   __   __   ___     [0;32m/,-._.--~'[0m
[0;34m  |\ | |__  __ /  ` /  \ |__) |__         [0;33m}  {[0m
[0;34m  | \| |       \__, \__/ |  \ |___     [0;32m\`-._,-`-,[0m
                                        [0;32m`._,._,'[0m
[0;35m  nf-core/proteinfold v1.0dev[0m
-[2m----------------------------------------------------[0m-
[1mCore Nextflow options[0m
  [0;34mrevision                  : [0;32mdev[0m
  [0;34mrunName                   : [0;32mshrivelled_majorana[0m
  [0;34mcontainerEngine           : [0;32mdocker[0m
  [0;34mlaunchDir                 : [0;32m/home/igor/CRG/BicD2[0m
  [0;34mworkDir                   : [0;32m/home/igor/CRG/BicD2/work[0m
  [0;34mprojectDir                : [0;32m/home/igor/.nextflow/assets/nf-core/proteinfold[0m
  [0;34muserName                  : [0;32migor[0m
  [0;34mprofile                   : [0;32mtest,docker[0m
  [0;34mconfigFiles               : [0;32m/home/igor/.nextflow/assets/nf-core/proteinfold/nextflow.config[0m

[1mGlobal options[0m
  [0;34minput                     : [0;32mhttps://raw.githubusercontent.com/JoseEspinosa/test-datasets/proteinfold/testdata/samplesheet/v1.0/samplesheet.csv[0m
  [0;34moutdir                    : [0;32mtest_out[0m

[1mAlphafold2 options[0m
  [0;34maf2_db                    : [0;32m/home/igor/.nextflow/assets/nf-core/proteinfold/assets/dummy_db_dir[0m

[1mInstitutional config options[0m
  [0;34mconfig_profile_name       : [0;32mTest profile[0m
  [0;34mconfig_profile_description: [0;32mMinimal test dataset to check pipeline function[0m

[1mMax job request options[0m
  [0;34mmax_cpus                  : [0;32m2[0m
  [0;34mmax_memory                : [0;32m6.GB[0m
  [0;34mmax_time                  : [0;32m6.h[0m

!! Only displaying parameters that differ from the pipeline defaults !!
-[2m----------------------------------------------------[0m-
If you use nf-core/proteinfold for your analysis please cite:

* The nf-core framework
  https://doi.org/10.1038/s41587-020-0439-x

* Software dependencies
  https://github.com/nf-core/proteinfold/blob/master/CITATIONS.md
-[2m----------------------------------------------------[0m-
Nov-03 11:05:29.938 [main] DEBUG nextflow.script.ProcessConfig - Config settings `withLabel:process_single` matches labels `process_single` for process with name NFCORE_PROTEINFOLD:ALPHAFOLD2:INPUT_CHECK:SAMPLESHEET_CHECK
Nov-03 11:05:29.939 [main] DEBUG nextflow.script.ProcessConfig - Config settings `withName:SAMPLESHEET_CHECK` matches process NFCORE_PROTEINFOLD:ALPHAFOLD2:INPUT_CHECK:SAMPLESHEET_CHECK
Nov-03 11:05:29.942 [main] DEBUG nextflow.executor.ExecutorFactory - << taskConfig executor: null
Nov-03 11:05:29.942 [main] DEBUG nextflow.executor.ExecutorFactory - >> processorType: 'local'
Nov-03 11:05:29.946 [main] DEBUG nextflow.executor.Executor - [warm up] executor > local
Nov-03 11:05:29.950 [main] DEBUG n.processor.LocalPollingMonitor - Creating local task monitor for executor 'local' > cpus=8; memory=31.1 GB; capacity=8; pollInterval=100ms; dumpInterval=5m
Nov-03 11:05:29.971 [main] DEBUG nextflow.util.CustomThreadPool - Creating default thread pool > poolSize: 9; maxThreads: 1000
Nov-03 11:05:30.060 [main] DEBUG nextflow.Nextflow - No such file: /home/igor/.nextflow/assets/nf-core/proteinfold/assets/dummy_db_dir/bfd/ -- Skipping visit
Nov-03 11:05:30.061 [main] DEBUG nextflow.Nextflow - No such file: /home/igor/.nextflow/assets/nf-core/proteinfold/assets/dummy_db_dir/mgnify/ -- Skipping visit
Nov-03 11:05:30.061 [main] DEBUG nextflow.Nextflow - No such file: /home/igor/.nextflow/assets/nf-core/proteinfold/assets/dummy_db_dir/pdb70/ -- Skipping visit
Nov-03 11:05:30.061 [main] DEBUG nextflow.Nextflow - No such file: /home/igor/.nextflow/assets/nf-core/proteinfold/assets/dummy_db_dir/pdb_mmcif/ -- Skipping visit
Nov-03 11:05:30.062 [main] DEBUG nextflow.Nextflow - No such file: /home/igor/.nextflow/assets/nf-core/proteinfold/assets/dummy_db_dir/uniclust30/ -- Skipping visit
Nov-03 11:05:30.062 [main] DEBUG nextflow.Nextflow - No such file: /home/igor/.nextflow/assets/nf-core/proteinfold/assets/dummy_db_dir/uniref90/ -- Skipping visit
Nov-03 11:05:30.062 [main] DEBUG nextflow.Nextflow - No such file: /home/igor/.nextflow/assets/nf-core/proteinfold/assets/dummy_db_dir/pdb_seqres/ -- Skipping visit
Nov-03 11:05:30.062 [main] DEBUG nextflow.Nextflow - No such file: /home/igor/.nextflow/assets/nf-core/proteinfold/assets/dummy_db_dir/uniprot/ -- Skipping visit
Nov-03 11:05:30.079 [main] DEBUG nextflow.script.ProcessConfig - Config settings `withLabel:process_medium` matches labels `process_medium` for process with name NFCORE_PROTEINFOLD:ALPHAFOLD2:RUN_AF2
Nov-03 11:05:30.080 [main] DEBUG nextflow.script.ProcessConfig - Config settings `withName:RUN_AF2` matches process NFCORE_PROTEINFOLD:ALPHAFOLD2:RUN_AF2
Nov-03 11:05:30.082 [main] DEBUG nextflow.executor.ExecutorFactory - << taskConfig executor: null
Nov-03 11:05:30.082 [main] DEBUG nextflow.executor.ExecutorFactory - >> processorType: 'local'
Nov-03 11:05:30.106 [main] DEBUG nextflow.script.ProcessConfig - Config settings `withLabel:process_single` matches labels `process_single` for process with name NFCORE_PROTEINFOLD:ALPHAFOLD2:CUSTOM_DUMPSOFTWAREVERSIONS
Nov-03 11:05:30.106 [main] DEBUG nextflow.script.ProcessConfig - Config settings `withName:CUSTOM_DUMPSOFTWAREVERSIONS` matches process NFCORE_PROTEINFOLD:ALPHAFOLD2:CUSTOM_DUMPSOFTWAREVERSIONS
Nov-03 11:05:30.107 [main] DEBUG nextflow.executor.ExecutorFactory - << taskConfig executor: null
Nov-03 11:05:30.107 [main] DEBUG nextflow.executor.ExecutorFactory - >> processorType: 'local'
Nov-03 11:05:30.144 [main] DEBUG nextflow.script.ProcessConfig - Config settings `withLabel:process_single` matches labels `process_single` for process with name NFCORE_PROTEINFOLD:ALPHAFOLD2:MULTIQC
Nov-03 11:05:30.144 [main] DEBUG nextflow.executor.ExecutorFactory - << taskConfig executor: null
Nov-03 11:05:30.144 [main] DEBUG nextflow.executor.ExecutorFactory - >> processorType: 'local'
Nov-03 11:05:30.150 [main] DEBUG nextflow.Session - Workflow process names [dsl2]: FASTQC, SAMPLESHEET_CHECK, NFCORE_PROTEINFOLD:ALPHAFOLD2:CUSTOM_DUMPSOFTWAREVERSIONS, NFCORE_PROTEINFOLD:ALPHAFOLD2:MULTIQC, RUN_AF2_PRED, MULTIQC, ARIA2, COMBINE_UNIPROT, NFCORE_PROTEINFOLD:ALPHAFOLD2:RUN_AF2, DOWNLOAD_PDBMMCIF, RUN_AF2_MSA, CUSTOM_DUMPSOFTWAREVERSIONS, GUNZIP, RUN_AF2, UNTAR, NFCORE_PROTEINFOLD:ALPHAFOLD2:INPUT_CHECK:SAMPLESHEET_CHECK
Nov-03 11:05:30.152 [main] DEBUG nextflow.extension.CH - Bridging dataflow queue=DataflowQueue(queue=[])
Nov-03 11:05:30.153 [main] DEBUG nextflow.extension.CH - Bridging dataflow queue=DataflowQueue(queue=[])
Nov-03 11:05:30.154 [main] DEBUG nextflow.extension.CH - Bridging dataflow queue=DataflowQueue(queue=[])
Nov-03 11:05:30.154 [main] DEBUG nextflow.extension.CH - Bridging dataflow queue=DataflowQueue(queue=[])
Nov-03 11:05:30.154 [main] DEBUG nextflow.extension.CH - Bridging dataflow queue=DataflowQueue(queue=[])
Nov-03 11:05:30.154 [main] DEBUG nextflow.Session - Ignite dataflow network (14)
Nov-03 11:05:30.160 [main] DEBUG nextflow.processor.TaskProcessor - Starting process > NFCORE_PROTEINFOLD:ALPHAFOLD2:INPUT_CHECK:SAMPLESHEET_CHECK
Nov-03 11:05:30.166 [main] DEBUG nextflow.processor.TaskProcessor - Starting process > NFCORE_PROTEINFOLD:ALPHAFOLD2:RUN_AF2
Nov-03 11:05:30.166 [main] DEBUG nextflow.processor.TaskProcessor - Starting process > NFCORE_PROTEINFOLD:ALPHAFOLD2:CUSTOM_DUMPSOFTWAREVERSIONS
Nov-03 11:05:30.166 [main] DEBUG nextflow.processor.TaskProcessor - Starting process > NFCORE_PROTEINFOLD:ALPHAFOLD2:MULTIQC
Nov-03 11:05:30.167 [main] DEBUG nextflow.script.ScriptRunner - > Await termination 
Nov-03 11:05:30.169 [main] DEBUG nextflow.Session - Session await
Nov-03 11:05:30.246 [Actor Thread 5] DEBUG nextflow.sort.BigSort - Sort completed -- entries: 1; slices: 1; internal sort time: 0.0 s; external sort time: 0.01 s; total time: 0.01 s
Nov-03 11:05:30.246 [Actor Thread 8] DEBUG nextflow.sort.BigSort - Sort completed -- entries: 1; slices: 1; internal sort time: 0.0 s; external sort time: 0.01 s; total time: 0.01 s
Nov-03 11:05:30.251 [Actor Thread 8] DEBUG nextflow.file.FileCollector - Saved collect-files list to: /tmp/bf71d71137924be178c59957f76ad464.collect-file
Nov-03 11:05:30.251 [Actor Thread 5] DEBUG nextflow.file.FileCollector - Saved collect-files list to: /tmp/a518da1c0b521c919ff06e39fa48c2e9.collect-file
Nov-03 11:05:30.258 [Actor Thread 8] DEBUG nextflow.file.FileCollector - Deleting file collector temp dir: /tmp/nxf-11898261714536765535
Nov-03 11:05:30.258 [Actor Thread 5] DEBUG nextflow.file.FileCollector - Deleting file collector temp dir: /tmp/nxf-4737808070910341483
Nov-03 11:05:30.386 [Actor Thread 6] DEBUG n.util.BlockingThreadExecutorFactory - Thread pool name=FileTransfer; maxThreads=24; maxQueueSize=72; keepAlive=1m
Nov-03 11:05:30.388 [FileTransfer-thread-1] DEBUG nextflow.file.FilePorter - Copying foreign file https://raw.githubusercontent.com/JoseEspinosa/test-datasets/proteinfold/testdata/samplesheet/v1.0/samplesheet.csv to work dir: /home/igor/CRG/BicD2/work/stage/6f/0c254ac79daed920462df81cef413c/samplesheet.csv
Nov-03 11:05:30.630 [Actor Thread 6] DEBUG nextflow.util.CacheHelper - Hash asset file sha-256: /home/igor/.nextflow/assets/nf-core/proteinfold/bin/check_samplesheet.py
Nov-03 11:05:30.694 [Task submitter] DEBUG nextflow.executor.LocalTaskHandler - Launch cmd line: /bin/bash -ue .command.run
Nov-03 11:05:30.698 [Task submitter] INFO  nextflow.Session - [27/793c8e] Submitted process > NFCORE_PROTEINFOLD:ALPHAFOLD2:INPUT_CHECK:SAMPLESHEET_CHECK (samplesheet.csv)
Nov-03 11:05:32.404 [Task monitor] DEBUG n.processor.TaskPollingMonitor - Task completed > TaskHandler[id: 1; name: NFCORE_PROTEINFOLD:ALPHAFOLD2:INPUT_CHECK:SAMPLESHEET_CHECK (samplesheet.csv); status: COMPLETED; exit: 0; error: -; workDir: /home/igor/CRG/BicD2/work/27/793c8e22e0347b2d494fe2133343df]
Nov-03 11:05:32.630 [Actor Thread 7] DEBUG n.splitter.AbstractTextSplitter - Splitter `FastaSplitter` collector path: nextflow.splitter.TextFileCollector$CachePath(/home/igor/CRG/BicD2/work/65/f68a6f9c65ccaac64d1d89fb10cf27/T1024.fasta, null)
Nov-03 11:05:32.849 [Actor Thread 6] DEBUG nextflow.util.CacheHelper - Hash asset file sha-256: /home/igor/.nextflow/assets/nf-core/proteinfold/assets/dummy_db
Nov-03 11:05:32.856 [Task submitter] DEBUG nextflow.executor.LocalTaskHandler - Launch cmd line: /bin/bash -ue .command.run
Nov-03 11:05:32.856 [Task submitter] INFO  nextflow.Session - [89/fcc3f0] Submitted process > NFCORE_PROTEINFOLD:ALPHAFOLD2:RUN_AF2 ([sequence:T1024_T1, fasta:https://raw.githubusercontent.com/JoseEspinosa/test-datasets/proteinfold/testdata/sequences/T1024.fasta])
Nov-03 11:05:33.169 [Actor Thread 7] DEBUG n.splitter.AbstractTextSplitter - Splitter `FastaSplitter` collector path: nextflow.splitter.TextFileCollector$CachePath(/home/igor/CRG/BicD2/work/04/b4a499fab731918be5fecec61e5645/T1026.fasta, null)
Nov-03 11:05:33.400 [Task submitter] DEBUG nextflow.executor.LocalTaskHandler - Launch cmd line: /bin/bash -ue .command.run
Nov-03 11:05:33.401 [Task submitter] INFO  nextflow.Session - [ce/8470a3] Submitted process > NFCORE_PROTEINFOLD:ALPHAFOLD2:RUN_AF2 ([sequence:T1026_T1, fasta:https://raw.githubusercontent.com/JoseEspinosa/test-datasets/proteinfold/testdata/sequences/T1026.fasta])
Nov-03 11:05:47.464 [Task monitor] DEBUG n.processor.TaskPollingMonitor - Task completed > TaskHandler[id: 3; name: NFCORE_PROTEINFOLD:ALPHAFOLD2:RUN_AF2 ([sequence:T1026_T1, fasta:https://raw.githubusercontent.com/JoseEspinosa/test-datasets/proteinfold/testdata/sequences/T1026.fasta]); status: COMPLETED; exit: 127; error: -; workDir: /home/igor/CRG/BicD2/work/ce/8470a31c06484e670ab539bff60e83]
Nov-03 11:05:47.479 [Task monitor] ERROR nextflow.processor.TaskProcessor - Error executing process > 'NFCORE_PROTEINFOLD:ALPHAFOLD2:RUN_AF2 ([sequence:T1026_T1, fasta:https://raw.githubusercontent.com/JoseEspinosa/test-datasets/proteinfold/testdata/sequences/T1026.fasta])'

Caused by:
  Process `NFCORE_PROTEINFOLD:ALPHAFOLD2:RUN_AF2 ([sequence:T1026_T1, fasta:https://raw.githubusercontent.com/JoseEspinosa/test-datasets/proteinfold/testdata/sequences/T1026.fasta])` terminated with an error exit status (127)

Command executed:

  if [ -d pdb_seqres/pdb_seqres.txt ]; then sed -i "/^\w*0/d" pdb_seqres/pdb_seqres.txt; fi
  if [ -d params/alphafold_params_* ]; then ln -r -s params/alphafold_params_*/* params/; fi
  python3 /app/alphafold/run_alphafold.py         --fasta_paths=T1026.1.fasta         --max_template_date=2020-05-14         --model_preset=monomer --pdb70_database_path=./pdb70/pdb70_from_mmcif_200916/pdb70          --db_preset=full_dbs --bfd_database_path=./bfd/bfd_metaclust_clu_complete_id30_c90_final_seq.sorted_opt --uniclust30_database_path=./uniclust30/uniclust30_2018_08/uniclust30_2018_08         --output_dir=$PWD         --data_dir=$PWD         --uniref90_database_path=./uniref90/uniref90.fasta         --mgnify_database_path=./mgnify/mgy_clusters_2018_12.fa         --template_mmcif_dir=./pdb_mmcif/mmcif_files         --obsolete_pdbs_path=./pdb_mmcif/obsolete.dat         --random_seed=53343         --use_gpu_relax=false
  
  cp "T1026.1"/ranked_0.pdb ./"T1026.1".alphafold.pdb
  
  cat <<-END_VERSIONS > versions.yml
  "NFCORE_PROTEINFOLD:ALPHAFOLD2:RUN_AF2":
      python: $(python3 --version | sed 's/Python //g')
  END_VERSIONS

Command exit status:
  127

Command output:
  (empty)

Command error:
  Unable to find image 'quay.io/biocontainers/gawk:5.1.0' locally
  5.1.0: Pulling from biocontainers/gawk
  a3ed95caeb02: Already exists
  77c6c00e8b61: Already exists
  3aaade50789a: Already exists
  00cf8b9f3d2a: Already exists
  7ff999a2256f: Already exists
  d2ba336f2e44: Already exists
  dfda3e01f2b6: Already exists
  a3ed95caeb02: Already exists
  10c3bb32200b: Already exists
  641722cf6d7d: Pulling fs layer
  641722cf6d7d: Download complete
  641722cf6d7d: Pull complete
  Digest: sha256:9d300f3d0a35fb059e3952ce01b3b108d595d0a9e943f156dce7c078bb8617aa
  Status: Downloaded newer image for quay.io/biocontainers/gawk:5.1.0
  .command.sh: line 4: python3: command not found

Work dir:
  /home/igor/CRG/BicD2/work/ce/8470a31c06484e670ab539bff60e83

Tip: you can try to figure out what's wrong by changing to the process work dir and showing the script file named `.command.sh`
Nov-03 11:05:47.483 [Task monitor] INFO  nextflow.Session - Execution cancelled -- Finishing pending tasks before exit
Nov-03 11:05:47.497 [Actor Thread 6] DEBUG nextflow.sort.BigSort - Sort completed -- entries: 1; slices: 1; internal sort time: 0.0 s; external sort time: 0.0 s; total time: 0.0 s
Nov-03 11:05:47.498 [main] DEBUG nextflow.Session - Session await > all process finished
Nov-03 11:05:47.501 [Actor Thread 6] DEBUG nextflow.file.FileCollector - Saved collect-files list to: /tmp/f61f3c274087aacc8f148ff5f99f12de.collect-file
Nov-03 11:05:47.501 [Actor Thread 6] DEBUG nextflow.file.FileCollector - Deleting file collector temp dir: /tmp/nxf-6998780219220868264
Nov-03 11:05:47.524 [Task monitor] DEBUG n.processor.TaskPollingMonitor - Task completed > TaskHandler[id: 2; name: NFCORE_PROTEINFOLD:ALPHAFOLD2:RUN_AF2 ([sequence:T1024_T1, fasta:https://raw.githubusercontent.com/JoseEspinosa/test-datasets/proteinfold/testdata/sequences/T1024.fasta]); status: COMPLETED; exit: 127; error: -; workDir: /home/igor/CRG/BicD2/work/89/fcc3f0b1b2726dacde657b91b28515]
Nov-03 11:05:47.526 [main] DEBUG nextflow.Session - Session await > all barriers passed
Nov-03 11:05:47.527 [main] INFO  nextflow.Nextflow - -[0;35m[nf-core/proteinfold][0;31m Pipeline completed with errors[0m-
Nov-03 11:05:47.530 [main] DEBUG nextflow.trace.WorkflowStatsObserver - Workflow completed > WorkflowStats[succeededCount=1; failedCount=2; ignoredCount=0; cachedCount=0; pendingCount=0; submittedCount=0; runningCount=0; retriesCount=0; abortedCount=0; succeedDuration=0ms; failedDuration=57.4s; cachedDuration=0ms;loadCpus=0; loadMemory=0; peakRunning=2; peakCpus=4; peakMemory=12 GB; ]
Nov-03 11:05:47.530 [main] DEBUG nextflow.trace.TraceFileObserver - Flow completing -- flushing trace file
Nov-03 11:05:47.532 [main] DEBUG nextflow.trace.ReportObserver - Flow completing -- rendering html report
Nov-03 11:05:47.546 [main] DEBUG nextflow.trace.ReportObserver - Execution report summary data:
  [{"cpuUsage":{"mean":61.5,"min":61.5,"q1":61.5,"q2":61.5,"q3":61.5,"max":61.5,"minLabel":"NFCORE_PROTEINFOLD:ALPHAFOLD2:INPUT_CHECK:SAMPLESHEET_CHECK (samplesheet.csv)","maxLabel":"NFCORE_PROTEINFOLD:ALPHAFOLD2:INPUT_CHECK:SAMPLESHEET_CHECK (samplesheet.csv)","q1Label":"NFCORE_PROTEINFOLD:ALPHAFOLD2:INPUT_CHECK:SAMPLESHEET_CHECK (samplesheet.csv)","q2Label":"NFCORE_PROTEINFOLD:ALPHAFOLD2:INPUT_CHECK:SAMPLESHEET_CHECK (samplesheet.csv)","q3Label":"NFCORE_PROTEINFOLD:ALPHAFOLD2:INPUT_CHECK:SAMPLESHEET_CHECK (samplesheet.csv)"},"process":"SAMPLESHEET_CHECK","mem":{"mean":7835648,"min":7835648,"q1":7835648,"q2":7835648,"q3":7835648,"max":7835648,"minLabel":"NFCORE_PROTEINFOLD:ALPHAFOLD2:INPUT_CHECK:SAMPLESHEET_CHECK (samplesheet.csv)","maxLabel":"NFCORE_PROTEINFOLD:ALPHAFOLD2:INPUT_CHECK:SAMPLESHEET_CHECK (samplesheet.csv)","q1Label":"NFCORE_PROTEINFOLD:ALPHAFOLD2:INPUT_CHECK:SAMPLESHEET_CHECK (samplesheet.csv)","q2Label":"NFCORE_PROTEINFOLD:ALPHAFOLD2:INPUT_CHECK:SAMPLESHEET_CHECK (samplesheet.csv)","q3Label":"NFCORE_PROTEINFOLD:ALPHAFOLD2:INPUT_CHECK:SAMPLESHEET_CHECK (samplesheet.csv)"},"memUsage":{"mean":0.12,"min":0.12,"q1":0.12,"q2":0.12,"q3":0.12,"max":0.12,"minLabel":"NFCORE_PROTEINFOLD:ALPHAFOLD2:INPUT_CHECK:SAMPLESHEET_CHECK (samplesheet.csv)","maxLabel":"NFCORE_PROTEINFOLD:ALPHAFOLD2:INPUT_CHECK:SAMPLESHEET_CHECK (samplesheet.csv)","q1Label":"NFCORE_PROTEINFOLD:ALPHAFOLD2:INPUT_CHECK:SAMPLESHEET_CHECK (samplesheet.csv)","q2Label":"NFCORE_PROTEINFOLD:ALPHAFOLD2:INPUT_CHECK:SAMPLESHEET_CHECK (samplesheet.csv)","q3Label":"NFCORE_PROTEINFOLD:ALPHAFOLD2:INPUT_CHECK:SAMPLESHEET_CHECK (samplesheet.csv)"},"timeUsage":null,"vmem":{"mean":32038912,"min":32038912,"q1":32038912,"q2":32038912,"q3":32038912,"max":32038912,"minLabel":"NFCORE_PROTEINFOLD:ALPHAFOLD2:INPUT_CHECK:SAMPLESHEET_CHECK (samplesheet.csv)","maxLabel":"NFCORE_PROTEINFOLD:ALPHAFOLD2:INPUT_CHECK:SAMPLESHEET_CHECK (samplesheet.csv)","q1Label":"NFCORE_PROTEINFOLD:ALPHAFOLD2:INPUT_CHECK:SAMPLESHEET_CHECK (samplesheet.csv)","q2Label":"NFCORE_PROTEINFOLD:ALPHAFOLD2:INPUT_CHECK:SAMPLESHEET_CHECK (samplesheet.csv)","q3Label":"NFCORE_PROTEINFOLD:ALPHAFOLD2:INPUT_CHECK:SAMPLESHEET_CHECK (samplesheet.csv)"},"reads":{"mean":672019,"min":672019,"q1":672019,"q2":672019,"q3":672019,"max":672019,"minLabel":"NFCORE_PROTEINFOLD:ALPHAFOLD2:INPUT_CHECK:SAMPLESHEET_CHECK (samplesheet.csv)","maxLabel":"NFCORE_PROTEINFOLD:ALPHAFOLD2:INPUT_CHECK:SAMPLESHEET_CHECK (samplesheet.csv)","q1Label":"NFCORE_PROTEINFOLD:ALPHAFOLD2:INPUT_CHECK:SAMPLESHEET_CHECK (samplesheet.csv)","q2Label":"NFCORE_PROTEINFOLD:ALPHAFOLD2:INPUT_CHECK:SAMPLESHEET_CHECK (samplesheet.csv)","q3Label":"NFCORE_PROTEINFOLD:ALPHAFOLD2:INPUT_CHECK:SAMPLESHEET_CHECK (samplesheet.csv)"},"cpu":{"mean":61.5,"min":61.5,"q1":61.5,"q2":61.5,"q3":61.5,"max":61.5,"minLabel":"NFCORE_PROTEINFOLD:ALPHAFOLD2:INPUT_CHECK:SAMPLESHEET_CHECK (samplesheet.csv)","maxLabel":"NFCORE_PROTEINFOLD:ALPHAFOLD2:INPUT_CHECK:SAMPLESHEET_CHECK (samplesheet.csv)","q1Label":"NFCORE_PROTEINFOLD:ALPHAFOLD2:INPUT_CHECK:SAMPLESHEET_CHECK (samplesheet.csv)","q2Label":"NFCORE_PROTEINFOLD:ALPHAFOLD2:INPUT_CHECK:SAMPLESHEET_CHECK (samplesheet.csv)","q3Label":"NFCORE_PROTEINFOLD:ALPHAFOLD2:INPUT_CHECK:SAMPLESHEET_CHECK (samplesheet.csv)"},"time":null,"writes":{"mean":613,"min":613,"q1":613,"q2":613,"q3":613,"max":613,"minLabel":"NFCORE_PROTEINFOLD:ALPHAFOLD2:INPUT_CHECK:SAMPLESHEET_CHECK (samplesheet.csv)","maxLabel":"NFCORE_PROTEINFOLD:ALPHAFOLD2:INPUT_CHECK:SAMPLESHEET_CHECK (samplesheet.csv)","q1Label":"NFCORE_PROTEINFOLD:ALPHAFOLD2:INPUT_CHECK:SAMPLESHEET_CHECK (samplesheet.csv)","q2Label":"NFCORE_PROTEINFOLD:ALPHAFOLD2:INPUT_CHECK:SAMPLESHEET_CHECK (samplesheet.csv)","q3Label":"NFCORE_PROTEINFOLD:ALPHAFOLD2:INPUT_CHECK:SAMPLESHEET_CHECK (samplesheet.csv)"}},{"cpuUsage":null,"process":"RUN_AF2","mem":null,"memUsage":null,"timeUsage":{"mean":0.07,"min":0.07,"q1":0.07,"q2":0.07,"q3":0.07,"max":0.07,"minLabel":"NFCORE_PROTEINFOLD:ALPHAFOLD2:RUN_AF2 ([sequence:T1026_T1, fasta:https://raw.githubusercontent.com/JoseEspinosa/test-datasets/proteinfold/testdata/sequences/T1026.fasta])","maxLabel":"NFCORE_PROTEINFOLD:ALPHAFOLD2:RUN_AF2 ([sequence:T1024_T1, fasta:https://raw.githubusercontent.com/JoseEspinosa/test-datasets/proteinfold/testdata/sequences/T1024.fasta])","q1Label":"NFCORE_PROTEINFOLD:ALPHAFOLD2:RUN_AF2 ([sequence:T1026_T1, fasta:https://raw.githubusercontent.com/JoseEspinosa/test-datasets/proteinfold/testdata/sequences/T1026.fasta])","q2Label":"NFCORE_PROTEINFOLD:ALPHAFOLD2:RUN_AF2 ([sequence:T1026_T1, fasta:https://raw.githubusercontent.com/JoseEspinosa/test-datasets/proteinfold/testdata/sequences/T1026.fasta])","q3Label":"NFCORE_PROTEINFOLD:ALPHAFOLD2:RUN_AF2 ([sequence:T1026_T1, fasta:https://raw.githubusercontent.com/JoseEspinosa/test-datasets/proteinfold/testdata/sequences/T1026.fasta])"},"vmem":null,"reads":null,"cpu":null,"time":{"mean":14341,"min":14061,"q1":14201,"q2":14341,"q3":14481,"max":14621,"minLabel":"NFCORE_PROTEINFOLD:ALPHAFOLD2:RUN_AF2 ([sequence:T1026_T1, fasta:https://raw.githubusercontent.com/JoseEspinosa/test-datasets/proteinfold/testdata/sequences/T1026.fasta])","maxLabel":"NFCORE_PROTEINFOLD:ALPHAFOLD2:RUN_AF2 ([sequence:T1024_T1, fasta:https://raw.githubusercontent.com/JoseEspinosa/test-datasets/proteinfold/testdata/sequences/T1024.fasta])","q1Label":"NFCORE_PROTEINFOLD:ALPHAFOLD2:RUN_AF2 ([sequence:T1026_T1, fasta:https://raw.githubusercontent.com/JoseEspinosa/test-datasets/proteinfold/testdata/sequences/T1026.fasta])","q2Label":"NFCORE_PROTEINFOLD:ALPHAFOLD2:RUN_AF2 ([sequence:T1026_T1, fasta:https://raw.githubusercontent.com/JoseEspinosa/test-datasets/proteinfold/testdata/sequences/T1026.fasta])","q3Label":"NFCORE_PROTEINFOLD:ALPHAFOLD2:RUN_AF2 ([sequence:T1026_T1, fasta:https://raw.githubusercontent.com/JoseEspinosa/test-datasets/proteinfold/testdata/sequences/T1026.fasta])"},"writes":null}]
Nov-03 11:05:47.878 [main] DEBUG nextflow.trace.TimelineObserver - Flow completing -- rendering html timeline
Nov-03 11:05:48.091 [main] DEBUG nextflow.CacheDB - Closing CacheDB done
Nov-03 11:05:48.098 [main] DEBUG nextflow.script.ScriptRunner - > Execution complete -- Goodbye
